[UTC: 30-06-2024 08-12-08] - INFO: Loading font starting at address 0x50.
[UTC: 30-06-2024 08-12-08] - DEBUG: (0x00E0) - Clear screen(NOT IMPLEMENTED).

[UTC: 30-06-2024 08-12-08] - DEBUG: (0xA22A) - Set I to 0x022A.

[UTC: 30-06-2024 08-12-08] - DEBUG: (0x600C) - Set V0 to 0x0C.

[UTC: 30-06-2024 08-12-08] - DEBUG: (0x6108) - Set V1 to 0x08.

[UTC: 30-06-2024 08-12-08] - DEBUG: (0xD01F) - Draw sprite at (V0, V1). Width: 8 pixels. Height: 15 pixels(NOT IMPLEMENTED).

[UTC: 30-06-2024 08-12-08] - DEBUG: (0x7009) - Add 0x00 to V9.

[UTC: 30-06-2024 08-12-08] - DEBUG: (0xA239) - Set I to 0x0239.

[UTC: 30-06-2024 08-12-08] - DEBUG: (0xD01F) - Draw sprite at (V0, V1). Width: 8 pixels. Height: 15 pixels(NOT IMPLEMENTED).

[UTC: 30-06-2024 08-12-08] - DEBUG: (0xA248) - Set I to 0x0248.

[UTC: 30-06-2024 08-12-08] - DEBUG: (0x7008) - Add 0x00 to V8.

[UTC: 30-06-2024 08-12-08] - DEBUG: (0xD01F) - Draw sprite at (V0, V1). Width: 8 pixels. Height: 15 pixels(NOT IMPLEMENTED).

[UTC: 30-06-2024 08-12-08] - DEBUG: (0x7004) - Add 0x00 to V4.

[UTC: 30-06-2024 08-12-08] - DEBUG: (0xA257) - Set I to 0x0257.

[UTC: 30-06-2024 08-12-08] - DEBUG: (0xD01F) - Draw sprite at (V0, V1). Width: 8 pixels. Height: 15 pixels(NOT IMPLEMENTED).

[UTC: 30-06-2024 08-12-08] - DEBUG: (0x7008) - Add 0x00 to V8.

[UTC: 30-06-2024 08-12-08] - DEBUG: (0xA266) - Set I to 0x0266.

[UTC: 30-06-2024 08-12-08] - DEBUG: (0xD01F) - Draw sprite at (V0, V1). Width: 8 pixels. Height: 15 pixels(NOT IMPLEMENTED).

[UTC: 30-06-2024 08-12-08] - DEBUG: (0x7008) - Add 0x00 to V8.

[UTC: 30-06-2024 08-12-08] - DEBUG: (0xA275) - Set I to 0x0275.

[UTC: 30-06-2024 08-12-08] - DEBUG: (0xD01F) - Draw sprite at (V0, V1). Width: 8 pixels. Height: 15 pixels(NOT IMPLEMENTED).

[UTC: 30-06-2024 08-12-08] - DEBUG: (0x1228) - Jump to 0x0228.

[UTC: 30-06-2024 08-12-08] - DEBUG: (0x1228) - Jump to 0x0228.

[UTC: 30-06-2024 08-12-08] - DEBUG: (0x1228) - Jump to 0x0228.

[UTC: 30-06-2024 08-12-08] - DEBUG: (0x1228) - Jump to 0x0228.

[UTC: 30-06-2024 08-12-08] - DEBUG: (0x1228) - Jump to 0x0228.

[UTC: 30-06-2024 08-12-08] - DEBUG: (0x1228) - Jump to 0x0228.

[UTC: 30-06-2024 08-12-08] - DEBUG: (0x1228) - Jump to 0x0228.

[UTC: 30-06-2024 08-12-08] - DEBUG: (0x1228) - Jump to 0x0228.

[UTC: 30-06-2024 08-12-08] - DEBUG: (0x1228) - Jump to 0x0228.

[UTC: 30-06-2024 08-12-08] - DEBUG: (0x1228) - Jump to 0x0228.

[UTC: 30-06-2024 08-12-08] - DEBUG: (0x1228) - Jump to 0x0228.

[UTC: 30-06-2024 08-12-08] - DEBUG: (0x1228) - Jump to 0x0228.

[UTC: 30-06-2024 08-12-08] - DEBUG: (0x1228) - Jump to 0x0228.

[UTC: 30-06-2024 08-12-08] - DEBUG: (0x1228) - Jump to 0x0228.

[UTC: 30-06-2024 08-12-08] - DEBUG: (0x1228) - Jump to 0x0228.

[UTC: 30-06-2024 08-12-08] - DEBUG: (0x1228) - Jump to 0x0228.

[UTC: 30-06-2024 08-12-08] - DEBUG: (0x1228) - Jump to 0x0228.

[UTC: 30-06-2024 08-12-08] - DEBUG: (0x1228) - Jump to 0x0228.

[UTC: 30-06-2024 08-12-08] - DEBUG: (0x1228) - Jump to 0x0228.

[UTC: 30-06-2024 08-12-08] - DEBUG: (0x1228) - Jump to 0x0228.

[UTC: 30-06-2024 08-12-08] - DEBUG: (0x1228) - Jump to 0x0228.

[UTC: 30-06-2024 08-12-08] - DEBUG: (0x1228) - Jump to 0x0228.

[UTC: 30-06-2024 08-12-08] - DEBUG: (0x1228) - Jump to 0x0228.

[UTC: 30-06-2024 08-12-08] - DEBUG: (0x1228) - Jump to 0x0228.

[UTC: 30-06-2024 08-12-08] - DEBUG: (0x1228) - Jump to 0x0228.

[UTC: 30-06-2024 08-12-08] - DEBUG: (0x1228) - Jump to 0x0228.

[UTC: 30-06-2024 08-12-08] - DEBUG: (0x1228) - Jump to 0x0228.

[UTC: 30-06-2024 08-12-08] - DEBUG: (0x1228) - Jump to 0x0228.

[UTC: 30-06-2024 08-12-08] - DEBUG: (0x1228) - Jump to 0x0228.

[UTC: 30-06-2024 08-12-08] - DEBUG: (0x1228) - Jump to 0x0228.

[UTC: 30-06-2024 08-12-08] - DEBUG: (0x1228) - Jump to 0x0228.

[UTC: 30-06-2024 08-12-08] - DEBUG: (0x1228) - Jump to 0x0228.

[UTC: 30-06-2024 08-12-08] - DEBUG: (0x1228) - Jump to 0x0228.

[UTC: 30-06-2024 08-12-08] - DEBUG: (0x1228) - Jump to 0x0228.

[UTC: 30-06-2024 08-12-08] - DEBUG: (0x1228) - Jump to 0x0228.

[UTC: 30-06-2024 08-12-08] - DEBUG: (0x1228) - Jump to 0x0228.

[UTC: 30-06-2024 08-12-08] - DEBUG: (0x1228) - Jump to 0x0228.

[UTC: 30-06-2024 08-12-08] - DEBUG: (0x1228) - Jump to 0x0228.

[UTC: 30-06-2024 08-12-08] - DEBUG: (0x1228) - Jump to 0x0228.

[UTC: 30-06-2024 08-12-08] - DEBUG: (0x1228) - Jump to 0x0228.

[UTC: 30-06-2024 08-12-08] - DEBUG: (0x1228) - Jump to 0x0228.

[UTC: 30-06-2024 08-12-08] - DEBUG: (0x1228) - Jump to 0x0228.

[UTC: 30-06-2024 08-12-08] - DEBUG: (0x1228) - Jump to 0x0228.

[UTC: 30-06-2024 08-12-08] - DEBUG: (0x1228) - Jump to 0x0228.

[UTC: 30-06-2024 08-12-08] - DEBUG: (0x1228) - Jump to 0x0228.

[UTC: 30-06-2024 08-12-08] - DEBUG: (0x1228) - Jump to 0x0228.

[UTC: 30-06-2024 08-12-08] - DEBUG: (0x1228) - Jump to 0x0228.

[UTC: 30-06-2024 08-12-08] - DEBUG: (0x1228) - Jump to 0x0228.

[UTC: 30-06-2024 08-12-08] - DEBUG: (0x1228) - Jump to 0x0228.

[UTC: 30-06-2024 08-12-08] - DEBUG: (0x1228) - Jump to 0x0228.

[UTC: 30-06-2024 08-12-08] - DEBUG: (0x1228) - Jump to 0x0228.

[UTC: 30-06-2024 08-12-08] - DEBUG: (0x1228) - Jump to 0x0228.

[UTC: 30-06-2024 08-12-08] - DEBUG: (0x1228) - Jump to 0x0228.

[UTC: 30-06-2024 08-12-08] - DEBUG: (0x1228) - Jump to 0x0228.

[UTC: 30-06-2024 08-12-08] - DEBUG: (0x1228) - Jump to 0x0228.

[UTC: 30-06-2024 08-12-08] - DEBUG: (0x1228) - Jump to 0x0228.

[UTC: 30-06-2024 08-12-08] - DEBUG: (0x1228) - Jump to 0x0228.

[UTC: 30-06-2024 08-12-08] - DEBUG: (0x1228) - Jump to 0x0228.

[UTC: 30-06-2024 08-12-08] - DEBUG: (0x1228) - Jump to 0x0228.

[UTC: 30-06-2024 08-12-08] - DEBUG: (0x1228) - Jump to 0x0228.

[UTC: 30-06-2024 08-12-08] - DEBUG: (0x1228) - Jump to 0x0228.

[UTC: 30-06-2024 08-12-08] - DEBUG: (0x1228) - Jump to 0x0228.

[UTC: 30-06-2024 08-12-08] - DEBUG: (0x1228) - Jump to 0x0228.

[UTC: 30-06-2024 08-12-08] - DEBUG: (0x1228) - Jump to 0x0228.

[UTC: 30-06-2024 08-12-08] - DEBUG: (0x1228) - Jump to 0x0228.

[UTC: 30-06-2024 08-12-08] - DEBUG: (0x1228) - Jump to 0x0228.

[UTC: 30-06-2024 08-12-08] - DEBUG: (0x1228) - Jump to 0x0228.

[UTC: 30-06-2024 08-12-08] - DEBUG: (0x1228) - Jump to 0x0228.

[UTC: 30-06-2024 08-12-08] - DEBUG: (0x1228) - Jump to 0x0228.

[UTC: 30-06-2024 08-12-08] - DEBUG: (0x1228) - Jump to 0x0228.

[UTC: 30-06-2024 08-12-08] - DEBUG: (0x1228) - Jump to 0x0228.

[UTC: 30-06-2024 08-12-08] - DEBUG: (0x1228) - Jump to 0x0228.

[UTC: 30-06-2024 08-12-08] - DEBUG: (0x1228) - Jump to 0x0228.

[UTC: 30-06-2024 08-12-08] - DEBUG: (0x1228) - Jump to 0x0228.

[UTC: 30-06-2024 08-12-08] - DEBUG: (0x1228) - Jump to 0x0228.

[UTC: 30-06-2024 08-12-08] - DEBUG: (0x1228) - Jump to 0x0228.

[UTC: 30-06-2024 08-12-08] - DEBUG: (0x1228) - Jump to 0x0228.

[UTC: 30-06-2024 08-12-08] - DEBUG: (0x1228) - Jump to 0x0228.

[UTC: 30-06-2024 08-12-08] - DEBUG: (0x1228) - Jump to 0x0228.

[UTC: 30-06-2024 08-12-08] - DEBUG: (0x1228) - Jump to 0x0228.

